<?xml version="1.0" encoding="UTF-8"?>
<!-- Generated by org.testng.reporters.JUnitReportReporter -->
<testsuite skipped="0" hostname="HOU-LT2282474" name="testcases.APIDSMTest" tests="1" failures="0" timestamp="2021-08-10T14:18:24 CDT" time="3.816" errors="0">
  <testcase name="TestCase17_AdminAccountRequests" time="3.816" classname="testcases.APIDSMTest"/>
  <system-out/>
</testsuite> <!-- testcases.APIDSMTest -->
